<?xml version="1.0" encoding="UTF-8"?>
<testng-results ignored="0" total="1" passed="1" failed="0" skipped="0">
  <reporter-output>
  </reporter-output>
  <suite started-at="2024-02-03T13:57:01 IST" name="Default suite" finished-at="2024-02-03T13:57:11 IST" duration-ms="10122">
    <groups>
    </groups>
    <test started-at="2024-02-03T13:57:01 IST" name="Default test" finished-at="2024-02-03T13:57:11 IST" duration-ms="10122">
      <class name="com.learning_TestNG.Learning_Extent_Report">
        <test-method signature="loginTest()[pri:0, instance:com.learning_TestNG.Learning_Extent_Report@2a65fe7c]" started-at="2024-02-03T13:57:01 IST" name="loginTest" finished-at="2024-02-03T13:57:11 IST" duration-ms="10050" status="PASS">
          <reporter-output>
          </reporter-output>
        </test-method> <!-- loginTest -->
      </class> <!-- com.learning_TestNG.Learning_Extent_Report -->
    </test> <!-- Default test -->
  </suite> <!-- Default suite -->
</testng-results>
